<?xml version="1.0" encoding="UTF-8"?>
<testsuite name="ua.home.controller.GameControllerTest" tests="2" skipped="0" failures="0" errors="0" timestamp="2019-03-20T20:41:05" hostname="DESKTOP-QUT4GD8" time="0.245">
  <properties/>
  <testcase name="givenGameURI_whenMockMVC_thenGetStatus" classname="ua.home.controller.GameControllerTest" time="0.236"/>
  <testcase name="givenGreetURI_whenMockMVC_thenGetContentType" classname="ua.home.controller.GameControllerTest" time="0.008"/>
  <system-out><![CDATA[]]></system-out>
  <system-err><![CDATA[SLF4J: Failed to load class "org.slf4j.impl.StaticLoggerBinder".
SLF4J: Defaulting to no-operation (NOP) logger implementation
SLF4J: See http://www.slf4j.org/codes.html#StaticLoggerBinder for further details.
]]></system-err>
</testsuite>
