<?xml version="1.0" encoding="UTF-8"?>
<testsuite name="ua.home.service.TestServiceTest" tests="1" skipped="0" failures="0" errors="0" timestamp="2019-03-25T13:04:20" hostname="DESKTOP-QUT4GD8" time="0.352">
  <properties/>
  <testcase name="whenExceptionThrown_thenAssertionSucceeds" classname="ua.home.service.TestServiceTest" time="0.352"/>
  <system-out><![CDATA[]]></system-out>
  <system-err><![CDATA[SLF4J: Failed to load class "org.slf4j.impl.StaticLoggerBinder".
SLF4J: Defaulting to no-operation (NOP) logger implementation
SLF4J: See http://www.slf4j.org/codes.html#StaticLoggerBinder for further details.
бер. 25, 2019 3:04:16 PM org.hibernate.jpa.internal.util.LogHelper logPersistenceUnitInformation
INFO: HHH000204: Processing PersistenceUnitInfo [name: default]
бер. 25, 2019 3:04:16 PM org.hibernate.Version logVersion
INFO: HHH000412: Hibernate Core {5.4.1.Final}
бер. 25, 2019 3:04:17 PM org.hibernate.annotations.common.reflection.java.JavaReflectionManager <clinit>
INFO: HCANN000001: Hibernate Commons Annotations {5.1.0.Final}
бер. 25, 2019 3:04:17 PM org.hibernate.dialect.Dialect <init>
INFO: HHH000400: Using dialect: org.hibernate.dialect.MySQL8Dialect
бер. 25, 2019 3:04:19 PM org.hibernate.engine.transaction.jta.platform.internal.JtaPlatformInitiator initiateService
INFO: HHH000490: Using JtaPlatform implementation: [org.hibernate.engine.transaction.jta.platform.internal.NoJtaPlatform]
]]></system-err>
</testsuite>
