<?xml version="1.0" encoding="UTF-8"?>
<testsuite name="ua.home.service.GameServiceImplTest" tests="3" skipped="0" failures="0" errors="0" timestamp="2019-03-20T21:28:19" hostname="DESKTOP-QUT4GD8" time="0.001">
  <properties/>
  <testcase name="whenGameIsWonResultIsReturned" classname="ua.home.service.GameServiceImplTest" time="0.0"/>
  <testcase name="whenGameIsCheatedResultIsReturned" classname="ua.home.service.GameServiceImplTest" time="0.0"/>
  <testcase name="whenGameIsWonResultIsReturned1" classname="ua.home.service.GameServiceImplTest" time="0.0"/>
  <system-out><![CDATA[]]></system-out>
  <system-err><![CDATA[]]></system-err>
</testsuite>
